[debug] [2021-12-11T18:44:03.656Z] ----------------------------------------------------------------------
[debug] [2021-12-11T18:44:03.658Z] Command:       /usr/local/bin/firebase /Users/mac/.cache/firebase/tools/lib/node_modules/firebase-tools/lib/bin/firebase deploy --only hosting
[debug] [2021-12-11T18:44:03.658Z] CLI Version:   9.23.0
[debug] [2021-12-11T18:44:03.658Z] Platform:      darwin
[debug] [2021-12-11T18:44:03.658Z] Node Version:  v12.18.1
[debug] [2021-12-11T18:44:03.659Z] Time:          Sat Dec 11 2021 23:44:03 GMT+0500 (Pakistan Standard Time)
[debug] [2021-12-11T18:44:03.659Z] ----------------------------------------------------------------------
[debug] 
[debug] [2021-12-11T18:44:03.701Z] Object "" in "firebase.json" has unknown property: {"additionalProperty":"apiKey"}
[debug] [2021-12-11T18:44:03.704Z] > command requires scopes: ["email","openid","https://www.googleapis.com/auth/cloudplatformprojects.readonly","https://www.googleapis.com/auth/firebase","https://www.googleapis.com/auth/cloud-platform"]
[debug] [2021-12-11T18:44:03.704Z] > authorizing via signed-in user (miantalhaa263@gmail.com)
[debug] [2021-12-11T18:44:03.704Z] [iam] checking project react-coffee-a2736 for permissions ["firebase.projects.get","firebasehosting.sites.update"]
[debug] [2021-12-11T18:44:03.706Z] >>> HTTP REQUEST POST https://cloudresourcemanager.googleapis.com/v1/projects/react-coffee-a2736:testIamPermissions  
 {"permissions":["firebase.projects.get","firebasehosting.sites.update"]}
[debug] [2021-12-11T18:44:05.522Z] <<< HTTP RESPONSE 200 {"content-type":"application/json; charset=UTF-8","vary":"X-Origin, Referer, Origin,Accept-Encoding","date":"Sat, 11 Dec 2021 18:44:05 GMT","server":"ESF","cache-control":"private","x-xss-protection":"0","x-frame-options":"SAMEORIGIN","x-content-type-options":"nosniff","server-timing":"gfet4t7; dur=1189","alt-svc":"h3=\":443\"; ma=2592000,h3-29=\":443\"; ma=2592000,h3-Q050=\":443\"; ma=2592000,h3-Q046=\":443\"; ma=2592000,h3-Q043=\":443\"; ma=2592000,quic=\":443\"; ma=2592000; v=\"46,43\"","accept-ranges":"none","transfer-encoding":"chunked"}
[debug] [2021-12-11T18:44:05.524Z] > refreshing access token with scopes: []
[debug] [2021-12-11T18:44:05.524Z] >>> HTTP REQUEST POST https://www.googleapis.com/oauth2/v3/token  
 <request body omitted>
[debug] [2021-12-11T18:44:06.308Z] <<< HTTP RESPONSE 200 {"expires":"Mon, 01 Jan 1990 00:00:00 GMT","cache-control":"no-cache, no-store, max-age=0, must-revalidate","pragma":"no-cache","date":"Sat, 11 Dec 2021 18:44:06 GMT","content-type":"application/json; charset=utf-8","vary":"X-Origin, Referer, Origin,Accept-Encoding","server":"scaffolding on HTTPServer2","x-xss-protection":"0","x-frame-options":"SAMEORIGIN","x-content-type-options":"nosniff","alt-svc":"h3=\":443\"; ma=2592000,h3-29=\":443\"; ma=2592000,h3-Q050=\":443\"; ma=2592000,h3-Q046=\":443\"; ma=2592000,h3-Q043=\":443\"; ma=2592000,quic=\":443\"; ma=2592000; v=\"46,43\"","accept-ranges":"none","transfer-encoding":"chunked"}
[debug] [2021-12-11T18:44:06.350Z] >>> [apiv2][query] GET https://firebase.googleapis.com/v1beta1/projects/react-coffee-a2736 [none]
[debug] [2021-12-11T18:44:07.325Z] <<< [apiv2][status] GET https://firebase.googleapis.com/v1beta1/projects/react-coffee-a2736 200
[debug] [2021-12-11T18:44:07.325Z] <<< [apiv2][body] GET https://firebase.googleapis.com/v1beta1/projects/react-coffee-a2736 {"projectId":"react-coffee-a2736","projectNumber":"225030756508","displayName":"react-coffee","name":"projects/react-coffee-a2736","resources":{"hostingSite":"react-coffee-a2736","storageBucket":"react-coffee-a2736.appspot.com","locationId":"europe-west"},"state":"ACTIVE"}
[info] 
[info] === Deploying to 'react-coffee-a2736'...
[info] 
[info] i  deploying hosting 
[debug] [2021-12-11T18:44:07.328Z] > refreshing access token with scopes: ["email","https://www.googleapis.com/auth/cloud-platform","https://www.googleapis.com/auth/cloudplatformprojects.readonly","https://www.googleapis.com/auth/firebase","openid"]
[debug] [2021-12-11T18:44:07.329Z] >>> HTTP REQUEST POST https://www.googleapis.com/oauth2/v3/token  
 <request body omitted>
